Arguments: 
  /usr/local/Cellar/node/8.4.0/bin/node /Users/sanajoshi/.yarn/bin/yarn.js start

PATH: 
  /Users/sanajoshi/.rbenv/shims:/Users/sanajoshi/.yarn/bin:/Users/sanajoshi/.rbenv/shims:/usr/local/bin:/usr/bin:/bin:/usr/sbin:/sbin:/Users/sanajoshi/.rvm/bin:/Users/sanajoshi/.rvm/bin

Yarn version: 
  1.3.2

Node version: 
  8.4.0

Platform: 
  darwin x64

npm manifest: 
  {
    "name": "readline",
    "version": "1.0.0",
    "main": "index.js",
    "license": "MIT",
    "scripts":{
      "start":"node index.js"
  }

yarn manifest: 
  No manifest

Lockfile: 
  No lockfile

Trace: 
  SyntaxError: /Users/sanajoshi/term3/nodes_js/readline/package.json: Unexpected end of JSON input
      at JSON.parse (<anonymous>)
      at /Users/sanajoshi/.yarn/lib/cli.js:770:59
      at Generator.next (<anonymous>)
      at step (/Users/sanajoshi/.yarn/lib/cli.js:92:30)
      at /Users/sanajoshi/.yarn/lib/cli.js:103:13
      at <anonymous>
